12:00:09 catalog total=63350 page_count=634 | resuming after page 0
12:00:45 page 25/634 done (100 cards on page)
12:01:15 page 50/634 done (100 cards on page)
12:01:52 page 75/634 done (100 cards on page)
12:02:21 page 100/634 done (100 cards on page)
12:02:54 page 125/634 done (100 cards on page)
12:03:32 page 150/634 done (100 cards on page)
12:04:04 page 175/634 done (100 cards on page)
12:04:37 page 200/634 done (100 cards on page)
12:05:14 page 225/634 done (100 cards on page)
12:05:46 page 250/634 done (100 cards on page)
12:06:22 page 275/634 done (100 cards on page)
12:06:54 page 300/634 done (100 cards on page)
12:07:34 page 325/634 done (100 cards on page)
12:08:45 page 350/634 done (100 cards on page)
12:09:25 page 375/634 done (100 cards on page)
12:10:02 page 400/634 done (100 cards on page)
12:10:32 page 425/634 done (100 cards on page)
12:11:05 page 450/634 done (100 cards on page)
12:11:42 page 475/634 done (100 cards on page)
12:12:13 page 500/634 done (100 cards on page)
12:12:44 page 525/634 done (100 cards on page)
12:13:20 page 550/634 done (100 cards on page)
12:13:57 page 575/634 done (100 cards on page)
12:14:34 page 600/634 done (100 cards on page)
12:15:09 page 625/634 done (100 cards on page)
12:15:25 page 634/634 done (50 cards on page)
12:15:26 consolidating JSONL -> cardlist_full.json
12:15:27 DONE: 63350 unique cards | 334 distinct series | failed_pages=[]
12:15:27 output: C:\Users\CRUIZ\WSAI\analisis\cardlist_full.json
