12:00:09 catalog total=63350 page_count=634 | resuming after page 0
12:00:45 page 25/634 done (100 cards on page)
12:01:15 page 50/634 done (100 cards on page)
12:01:52 page 75/634 done (100 cards on page)
12:02:21 page 100/634 done (100 cards on page)
12:02:54 page 125/634 done (100 cards on page)
12:03:32 page 150/634 done (100 cards on page)
12:04:04 page 175/634 done (100 cards on page)
12:04:37 page 200/634 done (100 cards on page)
12:05:14 page 225/634 done (100 cards on page)
12:05:46 page 250/634 done (100 cards on page)
12:06:22 page 275/634 done (100 cards on page)
12:06:54 page 300/634 done (100 cards on page)
12:07:34 page 325/634 done (100 cards on page)
12:08:45 page 350/634 done (100 cards on page)
12:09:25 page 375/634 done (100 cards on page)
12:10:02 page 400/634 done (100 cards on page)
12:10:32 page 425/634 done (100 cards on page)
12:11:05 page 450/634 done (100 cards on page)
12:11:42 page 475/634 done (100 cards on page)
12:12:13 page 500/634 done (100 cards on page)
12:12:44 page 525/634 done (100 cards on page)
12:13:20 page 550/634 done (100 cards on page)
12:13:57 page 575/634 done (100 cards on page)
12:14:34 page 600/634 done (100 cards on page)
12:15:09 page 625/634 done (100 cards on page)
12:15:25 page 634/634 done (50 cards on page)
12:15:26 consolidating JSONL -> cardlist_full.json
12:15:27 DONE: 63350 unique cards | 334 distinct series | failed_pages=[]
12:15:27 output: C:\Users\CRUIZ\WSAI\analisis\cardlist_full.json
22:12:18 catalog total=64663 page_count=647 | resuming after page 0
22:12:51 page 25/647 done (100 cards on page)
22:13:29 page 50/647 done (100 cards on page)
22:14:06 page 75/647 done (100 cards on page)
22:14:39 page 100/647 done (100 cards on page)
22:15:18 page 125/647 done (100 cards on page)
22:15:59 page 150/647 done (100 cards on page)
22:16:34 page 175/647 done (100 cards on page)
22:17:09 page 200/647 done (100 cards on page)
22:17:41 page 225/647 done (100 cards on page)
22:18:15 page 250/647 done (100 cards on page)
22:18:50 page 275/647 done (100 cards on page)
22:19:31 page 300/647 done (100 cards on page)
22:20:02 page 325/647 done (100 cards on page)
22:20:35 page 350/647 done (100 cards on page)
22:21:14 page 375/647 done (100 cards on page)
22:21:51 page 400/647 done (100 cards on page)
22:22:29 page 425/647 done (100 cards on page)
22:23:05 page 450/647 done (100 cards on page)
22:23:41 page 475/647 done (100 cards on page)
22:24:16 page 500/647 done (100 cards on page)
22:24:59 page 525/647 done (100 cards on page)
22:25:35 page 550/647 done (100 cards on page)
22:26:15 page 575/647 done (100 cards on page)
22:26:50 page 600/647 done (100 cards on page)
22:27:24 page 625/647 done (100 cards on page)
22:27:59 page 647/647 done (63 cards on page)
22:27:59 consolidating JSONL -> cardlist_full.json
22:28:01 DONE: 64663 unique cards | 356 distinct series | failed_pages=[]
22:28:01 output: C:\Users\CRUIZ\ws-card-db\pipeline\ingest\cardlist_full.json
